<?xml version="1.0" encoding="UTF-8"?>
<!-- Generated by org.testng.reporters.JUnitXMLReporter -->
<testsuite ignored="0" hostname="DESKTOP-1CPKPA1" failures="0" tests="17" name="Default test" time="261.333" errors="0" timestamp="2021-01-20T19:19:42 IST">
  <testcase classname="ToolsQA.Anthi.links" name="About_us" time="3.76"/>
  <testcase classname="ToolsQA.Anthi.links" name="Facts_on_Hair_Thinning" time="3.811"/>
  <testcase classname="ToolsQA.Anthi.links" name="Blog" time="3.819"/>
  <testcase classname="ToolsQA.Anthi.links" name="Contact_Us" time="1.152"/>
  <testcase classname="ToolsQA.Anthi.links" name="ingredients" time="3.433"/>
  <testcase classname="ToolsQA.Anthi.links" name="Anti_Thinning_Hair_Shampoo" time="4.979"/>
  <testcase classname="ToolsQA.Anthi.links" name="Anti_Thinning_Hair_Spray" time="5.047"/>
  <testcase classname="ToolsQA.Anthi.links" name="Anti_Thinning_Hair_Serum" time="5.099"/>
  <testcase classname="ToolsQA.Anthi.links" name="Anti_Thinning_regimen_kit" time="4.58"/>
  <testcase classname="ToolsQA.Anthi.links" name="Facebook" time="5.881"/>
  <testcase classname="ToolsQA.Anthi.links" name="Instagram" time="4.656"/>
  <testcase classname="ToolsQA.Anthi.links" name="youtube" time="7.277"/>
  <testcase classname="ToolsQA.Anthi.links" name="Login" time="8.623"/>
  <testcase classname="ToolsQA.Anthi.links" name="edit_profile" time="7.772"/>
  <testcase classname="ToolsQA.Anthi.links" name="my_order" time="7.581"/>
  <testcase classname="ToolsQA.Anthi.links" name="change_password" time="7.901"/>
  <testcase classname="ToolsQA.Anthi.links" name="logout" time="10.836"/>
</testsuite> <!-- Default test -->
