<?xml version="1.0" encoding="UTF-8"?>
<testng-results ignored="0" total="1" passed="1" failed="0" skipped="0">
  <reporter-output>
  </reporter-output>
  <suite started-at="2021-01-21T14:00:43 IST" name="Default suite" finished-at="2021-01-21T14:00:57 IST" duration-ms="14245">
    <groups>
      <group name="login">
        <method signature="Demooo.Blank_valid()[pri:7, instance:ToolsQA.Anthi.Demooo@c03cf28]" name="Blank_valid" class="ToolsQA.Anthi.Demooo"/>
      </group> <!-- login -->
    </groups>
    <test started-at="2021-01-21T14:00:43 IST" name="Default test" finished-at="2021-01-21T14:00:57 IST" duration-ms="14245">
      <class name="ToolsQA.Anthi.Demooo">
        <test-method is-config="true" signature="B()[pri:0, instance:ToolsQA.Anthi.Demooo@c03cf28]" started-at="2021-01-21T14:00:43 IST" name="B" finished-at="2021-01-21T14:00:53 IST" duration-ms="9697" status="PASS">
          <reporter-output>
          </reporter-output>
        </test-method> <!-- B -->
        <test-method signature="Blank_valid()[pri:7, instance:ToolsQA.Anthi.Demooo@c03cf28]" started-at="2021-01-21T14:00:53 IST" name="Blank_valid" finished-at="2021-01-21T14:00:56 IST" duration-ms="3679" status="PASS">
          <reporter-output>
          </reporter-output>
        </test-method> <!-- Blank_valid -->
        <test-method is-config="true" signature="A()[pri:0, instance:ToolsQA.Anthi.Demooo@c03cf28]" started-at="2021-01-21T14:00:56 IST" name="A" finished-at="2021-01-21T14:00:57 IST" duration-ms="822" status="PASS">
          <reporter-output>
          </reporter-output>
        </test-method> <!-- A -->
      </class> <!-- ToolsQA.Anthi.Demooo -->
    </test> <!-- Default test -->
  </suite> <!-- Default suite -->
</testng-results>
